<?xml version="1.0" encoding="UTF-8"?>
<testng-results ignored="0" total="1" passed="1" failed="0" skipped="0">
  <reporter-output>
  </reporter-output>
  <suite started-at="2022-06-25T14:39:38Z" name="Default suite" finished-at="2022-06-25T14:39:43Z" duration-ms="5337">
    <groups>
    </groups>
    <test started-at="2022-06-25T14:39:38Z" name="Default test" finished-at="2022-06-25T14:39:43Z" duration-ms="5337">
      <class name="testSel.SelTest">
        <test-method signature="f()[pri:0, instance:testSel.SelTest@3d246ea3]" started-at="2022-06-25T09:39:38Z" name="f" finished-at="2022-06-25T09:39:43Z" duration-ms="5304" status="PASS">
          <reporter-output>
          </reporter-output>
        </test-method> <!-- f -->
      </class> <!-- testSel.SelTest -->
    </test> <!-- Default test -->
  </suite> <!-- Default suite -->
</testng-results>
